Arguments: 
  C:\Program Files\nodejs\node.exe C:\Users\Uday Kumar\AppData\Roaming\npm\node_modules\yarn\bin\yarn.js install

PATH: 
  C:\ProgramData\Oracle\Java\javapath;C:\Program Files (x86)\Java\jdk1.8.0_31\bin;C:\Program Files\Microsoft\Web Platform Installer\;C:\Program Files\Java\jdk1.8.0_60\bin;C:\Program Files\Git\cmd;C:\Program Files\MiKTeX 2.9\miktex\bin\x64\;C:\Program Files\Java\jdk1.8.0_60\bin;C:\Program Files\MiKTeX 2.9\miktex\bin\;C:\Program Files (x86)\MiKTeX 2.9\miktex\bin\x64\;C:\Program Files\MongoDB\Server\3.4\bin\;C:\Program Files (x86)\Skype\Phone\;C:\Program Files\nodejs\;C:\Windows\system32;C:\Program Files\MongoDB\Server\3.4\bin\;C:\Users\Uday Kumar\AppData\Roaming\npm

Yarn version: 
  0.27.5

Node version: 
  6.10.0

Platform: 
  win32 x64

npm manifest: 
  {
    "name": "TechScan",
    "version": "1.0.0",
    "description": "User Own Repo engine",
    "main": "server.js",
    "scripts": {
      "build": "webpack --config webpack.prod.config.js",
      "dev": "webpack-dev-server --hot --inline",
      "start": "npm run build && node server.js"
    },
    "author": "",
    "license": "ISC",
    "dependencies": {
      "axios": "0.16.2",
      "babel": "6.23.0",
      "babel-preset-react": "^6.5.0",
      "classnames": "^2.2.3",
      "extract-text-webpack-plugin": "2.1.2",
      "history": "^4.6.3",
      "lodash.throttle": "4.1.1",
      "mobx": "3.2.2",
      "mobx-react": "4.2.2",
      "moment": "2.18.1",
      "numeral": "2.0.6",
      "prop-types": "^15.5.8",
      "react": "^15.6.1",
      "react-dom": "^15.6.1",
      "react-hot-loader": "3.0.0-beta.7",
      "react-router-dom": "^4.1.1",
      "resolve-url-loader": "^2.1.0"
    },
    "devDependencies": {
      "babel-core": "6.26.0",
      "babel-loader": "6.4.1",
      "babel-plugin-transform-class-properties": "6.24.1",
      "babel-plugin-transform-decorators-legacy": "1.3.4",
      "babel-plugin-transform-object-rest-spread": "6.26.0",
      "babel-plugin-transform-runtime": "6.23.0",
      "babel-preset-es2015": "^6.24.1",
      "babel-preset-react": "^6.5.0",
      "babel-runtime": "6.26.0",
      "css-loader": "0.26.4",
      "file-loader": "0.11.2",
      "node-sass": "4.5.3",
      "sass-loader": "6.0.6",
      "style-loader": "0.13.2",
      "url-loader": "0.5.9",
      "webpack": "2.7.0",
      "webpack-dev-server": "2.7.1"
    }
  }

yarn manifest: 
  No manifest

Lockfile: 
  No lockfile

Trace: 
  Error: getaddrinfo ENOTFOUND registry.yarnpkg.com registry.yarnpkg.com:443
      at errnoException (dns.js:28:10)
      at GetAddrInfoReqWrap.onlookup [as oncomplete] (dns.js:76:26)
